0 info it worked if it ends with ok
1 verbose cli [ 'C:\\Program Files\\nodejs\\node.exe',
1 verbose cli   'C:\\Program Files\\nodejs\\node_modules\\npm\\bin\\npm-cli.js',
1 verbose cli   'link',
1 verbose cli   'typescript' ]
2 info using npm@3.10.3
3 info using node@v6.7.0
4 silly loadCurrentTree Starting
5 silly install loadCurrentTree
6 silly install readGlobalPackageData
7 silly fetchPackageMetaData typescript
8 silly fetchNamedPackageData typescript
9 silly mapToRegistry name typescript
10 silly mapToRegistry using default registry
11 silly mapToRegistry registry https://registry.npmjs.org/
12 silly mapToRegistry data Result {
12 silly mapToRegistry   raw: 'typescript',
12 silly mapToRegistry   scope: null,
12 silly mapToRegistry   escapedName: 'typescript',
12 silly mapToRegistry   name: 'typescript',
12 silly mapToRegistry   rawSpec: '',
12 silly mapToRegistry   spec: 'latest',
12 silly mapToRegistry   type: 'tag' }
13 silly mapToRegistry uri https://registry.npmjs.org/typescript
14 verbose request uri https://registry.npmjs.org/typescript
15 verbose request no auth needed
16 info attempt registry request try #1 at 1:02:37 PM
17 verbose request id fea369e0f3bf317c
18 verbose etag "138NO37YISG90F84WQMWZRKNC"
19 http request GET https://registry.npmjs.org/typescript
20 http 304 https://registry.npmjs.org/typescript
21 verbose headers { date: 'Sat, 22 Oct 2016 12:02:37 GMT',
21 verbose headers   via: '1.1 varnish',
21 verbose headers   'cache-control': 'max-age=300',
21 verbose headers   etag: '"138NO37YISG90F84WQMWZRKNC"',
21 verbose headers   age: '280',
21 verbose headers   connection: 'keep-alive',
21 verbose headers   'x-served-by': 'cache-lhr6328-LHR',
21 verbose headers   'x-cache': 'HIT',
21 verbose headers   'x-cache-hits': '2',
21 verbose headers   'x-timer': 'S1477137757.617426,VS0,VE0',
21 verbose headers   vary: 'Accept-Encoding' }
22 silly get cb [ 304,
22 silly get   { date: 'Sat, 22 Oct 2016 12:02:37 GMT',
22 silly get     via: '1.1 varnish',
22 silly get     'cache-control': 'max-age=300',
22 silly get     etag: '"138NO37YISG90F84WQMWZRKNC"',
22 silly get     age: '280',
22 silly get     connection: 'keep-alive',
22 silly get     'x-served-by': 'cache-lhr6328-LHR',
22 silly get     'x-cache': 'HIT',
22 silly get     'x-cache-hits': '2',
22 silly get     'x-timer': 'S1477137757.617426,VS0,VE0',
22 silly get     vary: 'Accept-Encoding' } ]
23 verbose etag https://registry.npmjs.org/typescript from cache
24 verbose get saving typescript to C:\Users\mortoni\AppData\Roaming\npm-cache\registry.npmjs.org\typescript\.cache.json
25 verbose correctMkdir C:\Users\mortoni\AppData\Roaming\npm-cache correctMkdir not in flight; initializing
26 silly install normalizeTree
27 silly loadCurrentTree Finishing
28 silly loadIdealTree Starting
29 silly install loadIdealTree
30 silly cloneCurrentTree Starting
31 silly install cloneCurrentTreeToIdealTree
32 silly cloneCurrentTree Finishing
33 silly loadShrinkwrap Starting
34 silly install loadShrinkwrap
35 silly loadShrinkwrap Finishing
36 silly loadAllDepsIntoIdealTree Starting
37 silly install loadAllDepsIntoIdealTree
38 silly resolveWithNewModule typescript@2.0.3 checking installable status
39 silly cache add args [ 'typescript', null ]
40 verbose cache add spec typescript
41 silly cache add parsed spec Result {
41 silly cache add   raw: 'typescript',
41 silly cache add   scope: null,
41 silly cache add   escapedName: 'typescript',
41 silly cache add   name: 'typescript',
41 silly cache add   rawSpec: '',
41 silly cache add   spec: 'latest',
41 silly cache add   type: 'tag' }
42 silly addNamed typescript@latest
43 verbose addNamed "latest" is being treated as a dist-tag for typescript
44 info addNameTag [ 'typescript', 'latest' ]
45 silly mapToRegistry name typescript
46 silly mapToRegistry using default registry
47 silly mapToRegistry registry https://registry.npmjs.org/
48 silly mapToRegistry data Result {
48 silly mapToRegistry   raw: 'typescript',
48 silly mapToRegistry   scope: null,
48 silly mapToRegistry   escapedName: 'typescript',
48 silly mapToRegistry   name: 'typescript',
48 silly mapToRegistry   rawSpec: '',
48 silly mapToRegistry   spec: 'latest',
48 silly mapToRegistry   type: 'tag' }
49 silly mapToRegistry uri https://registry.npmjs.org/typescript
50 verbose addNameTag registry:https://registry.npmjs.org/typescript not in flight; fetching
51 verbose get https://registry.npmjs.org/typescript not expired, no request
52 silly addNameTag next cb for typescript with tag latest
53 silly addNamed typescript@2.0.3
54 verbose addNamed "2.0.3" is a plain semver version for typescript
55 silly cache afterAdd typescript@2.0.3
56 verbose afterAdd C:\Users\mortoni\AppData\Roaming\npm-cache\typescript\2.0.3\package\package.json not in flight; writing
57 verbose correctMkdir C:\Users\mortoni\AppData\Roaming\npm-cache correctMkdir not in flight; initializing
58 verbose afterAdd C:\Users\mortoni\AppData\Roaming\npm-cache\typescript\2.0.3\package\package.json written
59 silly loadAllDepsIntoIdealTree Finishing
60 silly loadIdealTree Finishing
61 silly currentTree npm
62 silly idealTree npm
62 silly idealTree `-- typescript@2.0.3
63 silly generateActionsToTake Starting
64 silly install generateActionsToTake
65 silly generateActionsToTake Finishing
66 silly diffTrees action count 1
67 silly diffTrees add typescript@2.0.3
68 silly decomposeActions action count 8
69 silly decomposeActions fetch typescript@2.0.3
70 silly decomposeActions extract typescript@2.0.3
71 silly decomposeActions test typescript@2.0.3
72 silly decomposeActions preinstall typescript@2.0.3
73 silly decomposeActions build typescript@2.0.3
74 silly decomposeActions install typescript@2.0.3
75 silly decomposeActions postinstall typescript@2.0.3
76 silly decomposeActions finalize typescript@2.0.3
77 silly executeActions Starting
78 silly install executeActions
79 silly doSerial global-install 0
80 silly doParallel fetch 1
81 verbose correctMkdir C:\Users\mortoni\AppData\Roaming\npm-cache\_locks correctMkdir not in flight; initializing
82 verbose lock using C:\Users\mortoni\AppData\Roaming\npm-cache\_locks\staging-0e4cb5fa4649ba1f.lock for C:\Users\mortoni\AppData\Roaming\npm\node_modules\.staging
83 silly doParallel extract 1
84 silly extract typescript@2.0.3
85 verbose unbuild node_modules\.staging\typescript-36014b09
86 silly gentlyRm C:\Users\mortoni\AppData\Roaming\npm\node_modules\.staging\typescript-36014b09 is being purged from base C:\Users\mortoni\AppData\Roaming\npm
87 verbose gentlyRm don't care about contents; nuking C:\Users\mortoni\AppData\Roaming\npm\node_modules\.staging\typescript-36014b09
88 verbose tar unpack C:\Users\mortoni\AppData\Roaming\npm-cache\typescript\2.0.3\package.tgz
89 verbose tar unpacking to C:\Users\mortoni\AppData\Roaming\npm\node_modules\.staging\typescript-36014b09
90 silly gentlyRm C:\Users\mortoni\AppData\Roaming\npm\node_modules\.staging\typescript-36014b09 is being purged
91 verbose gentlyRm don't care about contents; nuking C:\Users\mortoni\AppData\Roaming\npm\node_modules\.staging\typescript-36014b09
92 silly gunzTarPerm modes [ '777', '666' ]
93 silly gunzTarPerm extractEntry package.json
94 silly gunzTarPerm extractEntry .npmignore
95 silly gunzTarPerm extractEntry README.md
96 silly gunzTarPerm extractEntry ThirdPartyNoticeText.txt
97 silly gunzTarPerm extractEntry AUTHORS.md
98 silly gunzTarPerm extractEntry CONTRIBUTING.md
99 silly gunzTarPerm extractEntry CopyrightNotice.txt
100 silly gunzTarPerm extractEntry Gulpfile.ts
101 silly gunzTarPerm extractEntry LICENSE.txt
102 silly gunzTarPerm extractEntry .mailmap
103 silly gunzTarPerm extractEntry bin/tsc
104 silly gunzTarPerm extractEntry bin/tsserver
105 silly gunzTarPerm extractEntry lib/README.md
106 silly gunzTarPerm extractEntry lib/typescript.js
107 silly gunzTarPerm extractEntry lib/tsserverlibrary.js
108 silly gunzTarPerm extractEntry lib/tsserver.js
109 silly gunzTarPerm extractEntry lib/tsc.js
110 silly gunzTarPerm extractEntry lib/typescriptServices.js
111 silly gunzTarPerm extractEntry lib/lib.es2017.sharedmemory.d.ts
112 silly gunzTarPerm extractEntry lib/lib.es2015.d.ts
113 silly gunzTarPerm extractEntry lib/lib.es2015.iterable.d.ts
114 silly gunzTarPerm extractEntry lib/lib.es2015.promise.d.ts
115 silly gunzTarPerm extractEntry lib/lib.es2015.proxy.d.ts
116 silly gunzTarPerm extractEntry lib/lib.es2015.reflect.d.ts
117 silly gunzTarPerm extractEntry lib/lib.es2015.symbol.d.ts
118 silly gunzTarPerm extractEntry lib/lib.es2015.symbol.wellknown.d.ts
119 silly gunzTarPerm extractEntry lib/lib.es2016.array.include.d.ts
120 silly gunzTarPerm extractEntry lib/lib.d.ts
121 silly gunzTarPerm extractEntry lib/lib.es2017.d.ts
122 silly gunzTarPerm extractEntry lib/lib.es2017.object.d.ts
123 silly gunzTarPerm extractEntry lib/lib.es2015.generator.d.ts
124 silly gunzTarPerm extractEntry lib/lib.es5.d.ts
125 silly gunzTarPerm extractEntry lib/lib.es6.d.ts
126 silly gunzTarPerm extractEntry lib/lib.scripthost.d.ts
127 silly gunzTarPerm extractEntry lib/lib.webworker.d.ts
128 silly gunzTarPerm extractEntry lib/lib.es2015.core.d.ts
129 silly gunzTarPerm extractEntry lib/lib.es2015.collection.d.ts
130 silly gunzTarPerm extractEntry lib/tsserverlibrary.d.ts
131 silly gunzTarPerm extractEntry lib/lib.dom.iterable.d.ts
132 silly gunzTarPerm extractEntry lib/typescript.d.ts
133 silly gunzTarPerm extractEntry lib/lib.dom.d.ts
134 silly gunzTarPerm extractEntry lib/typescriptServices.d.ts
135 silly gunzTarPerm extractEntry lib/lib.es2016.d.ts
136 silly gunzTarPerm extractEntry test.config
137 silly gentlyRm C:\Users\mortoni\AppData\Roaming\npm\node_modules\.staging\typescript-36014b09\node_modules is being purged
138 verbose gentlyRm don't care about contents; nuking C:\Users\mortoni\AppData\Roaming\npm\node_modules\.staging\typescript-36014b09\node_modules
139 silly doParallel preinstall 1
140 silly preinstall typescript@2.0.3 C:\Users\mortoni\AppData\Roaming\npm\node_modules\.staging\typescript-36014b09
141 info lifecycle typescript@2.0.3~preinstall: typescript@2.0.3
142 silly lifecycle typescript@2.0.3~preinstall: no script for preinstall, continuing
143 silly doReverseSerial remove 0
144 silly doSerial move 0
145 silly doSerial finalize 1
146 silly finalize C:\Users\mortoni\AppData\Roaming\npm\node_modules\typescript
147 verbose unlock done using C:\Users\mortoni\AppData\Roaming\npm-cache\_locks\staging-0e4cb5fa4649ba1f.lock for C:\Users\mortoni\AppData\Roaming\npm\node_modules\.staging
148 silly rollbackFailedOptional Starting
149 silly rollbackFailedOptional Finishing
150 silly runTopLevelLifecycles Starting
151 silly runTopLevelLifecycles Finishing
152 silly install printInstalled
153 verbose stack Error: EPERM: operation not permitted, rename 'C:\Users\mortoni\AppData\Roaming\npm\node_modules\.staging\typescript-36014b09' -> 'C:\Users\mortoni\AppData\Roaming\npm\node_modules\typescript'
153 verbose stack     at destStatted (C:\Program Files\nodejs\node_modules\npm\lib\install\action\finalize.js:25:7)
153 verbose stack     at FSReqWrap.oncomplete (fs.js:123:15)
153 verbose stack
153 verbose stack Error: EPERM: operation not permitted, rename 'C:\Users\mortoni\AppData\Roaming\npm\node_modules\.staging\typescript-36014b09' -> 'C:\Users\mortoni\AppData\Roaming\npm\node_modules\typescript'
153 verbose stack     at Error (native)
154 verbose cwd D:\project\react\firebasemonitor
155 error Windows_NT 6.1.7601
156 error argv "C:\\Program Files\\nodejs\\node.exe" "C:\\Program Files\\nodejs\\node_modules\\npm\\bin\\npm-cli.js" "link" "typescript"
157 error node v6.7.0
158 error npm  v3.10.3
159 error path C:\Users\mortoni\AppData\Roaming\npm\node_modules\.staging\typescript-36014b09
160 error code EPERM
161 error errno -4048
162 error syscall rename
163 error Error: EPERM: operation not permitted, rename 'C:\Users\mortoni\AppData\Roaming\npm\node_modules\.staging\typescript-36014b09' -> 'C:\Users\mortoni\AppData\Roaming\npm\node_modules\typescript'
163 error     at destStatted (C:\Program Files\nodejs\node_modules\npm\lib\install\action\finalize.js:25:7)
163 error     at FSReqWrap.oncomplete (fs.js:123:15)
163 error
163 error Error: EPERM: operation not permitted, rename 'C:\Users\mortoni\AppData\Roaming\npm\node_modules\.staging\typescript-36014b09' -> 'C:\Users\mortoni\AppData\Roaming\npm\node_modules\typescript'
163 error     at Error (native)
163 error  Error: EPERM: operation not permitted, rename 'C:\Users\mortoni\AppData\Roaming\npm\node_modules\.staging\typescript-36014b09' -> 'C:\Users\mortoni\AppData\Roaming\npm\node_modules\typescript'
163 error     at destStatted (C:\Program Files\nodejs\node_modules\npm\lib\install\action\finalize.js:25:7)
163 error     at FSReqWrap.oncomplete (fs.js:123:15)
163 error
163 error Error: EPERM: operation not permitted, rename 'C:\Users\mortoni\AppData\Roaming\npm\node_modules\.staging\typescript-36014b09' -> 'C:\Users\mortoni\AppData\Roaming\npm\node_modules\typescript'
163 error     at Error (native)
164 error Please try running this command again as root/Administrator.
165 verbose exit [ -4048, true ]
